make.exe all --print-data-base --no-builtin-variables --no-builtin-rules --question
# GNU Make 3.82.90
# Built for i686-pc-mingw32
# Copyright (C) 1988-2012 Free Software Foundation, Inc.
# License GPLv3+: GNU GPL version 3 or later <http://gnu.org/licenses/gpl.html>
# This is free software: you are free to change and redistribute it.
# There is NO WARRANTY, to the extent permitted by law.
 

# Make data base, printed on Fri Jul 22 20:28:35 2022

# Variables

# automatic
<D = $(patsubst %/,%,$(patsubst %\,%,$(dir $<)))
# automatic
?F = $(notdir $?)
# environment
WSLENV = WT_SESSION::WT_PROFILE_ID
# default
.SHELLFLAGS := -c
# makefile
MAKEFLAGS = Rrqp
# automatic
?D = $(patsubst %/,%,$(patsubst %\,%,$(dir $?)))
# automatic
@D = $(patsubst %/,%,$(patsubst %\,%,$(dir $@)))
# environment
HOMEDRIVE = C:
# automatic
@F = $(notdir $@)
# automatic
^D = $(patsubst %/,%,$(patsubst %\,%,$(dir $^)))
# mak 
efile
CURDIR := c:/Users/tyler/projects/emu
# default
SHELL := C:/Program Files/Git/usr/bin/sh.exe
# environment
WINDIR = C:\Windows
# environment
VSCODE_NLS_CONFIG = {"locale":"en-us","availableLanguages":{},"_languagePackSupport":true}
# environment
_ = C:/Users/tyler/AppData/Local/Programs/Microsoft VS Code/Code.exe
# environment
ONEDRIVE = C:\Users\tyler\OneDrive
# environment
PATHEXT = .COM;.EXE;.BAT;.CMD;.VBS;.VBE;.JS;.JSE;.WSF;.WSH;.MSC;.PY;.PYW
# makefile (from 'makefile', line 1)
MAKEFILE_LIST :=  makefile
# environment
TMP = C:\Users\tyler\AppData\Local\Temp
# environment
PROGRAMW6432 = C:\Program Files
# environment
PROGRAMDATA = C:\ProgramData
# environment
VSCODE_CWD = C:\Users\tyler\projects\emu
# environment
PATH = C:\Program Files\Git\mingw64\bin;C:\Program Files\Git\usr\bin;C:\Users\tyler\bin;C:\Python310\Scripts;C:\Python310;C:\Windows\system32;C:\Windows;C:\Windows\System32\Wbem;C:\Windows\System32\WindowsPowerShell\v1.0;C:\Windows\System32\OpenSSH;C:\Program Files\Git\cmd;C:\Program Files\nodejs;C:\ProgramData\chocolatey\bin;C:\Users\tyler\AppData\Local\Microsoft\WindowsApps;C:\MinGW;C:\MinGW\bin;C:\Users\tyler\AppData\Local\Programs\Microsoft VS Code\bin;C:\Program Files\Git\mingw64\bin;C:\Users\tyler\.deno\bin;C:\Users\tyler\AppData\Roaming\npm
# environment
COMMONPROGRAMW6432 = C:\Program Files\Common Files
# environment
LC_ALL = C
# environment
CHOCOLATEYLASTPATHUPDATE = 133029204830689718
# environment
PROCESSOR_ARCHITECTURE = x86
# environment
USERPROFILE = C:\Users\tyler
# environment
CHOCOLATEYINSTALL = C:\ProgramData\chocolatey
# environment
EXEPATH = C:\Program Files\Git\bin
# environment
ALLUSERSPROFILE = C:\ProgramData
# environment
PLINK_PROTOCOL = ssh
# environment
NUMBER_OF_PROCESSORS = 12
# environment
ELECTRON_RUN_AS_NODE = 1
# default
.FEATURES := target-specific order-only second-expansion else-if shortest-stem undefine oneshell archives jobserver
# makefile (from 'makefile', line 2)
CVERSION = -std=c++17
# automatic
%F = $(notdir $%)
# environment
CHROME_CRASHPAD_PIPE_NAME = \\.\pipe\crashpad_7908_OATOMIIURNVYBZPZ
# environment
COMPUTERNAME = -TYEDN_PC-X64
# environment
PWD = C:/Users/tyler/projects/emu
# environment
PROGRAMFILES = C:\Program Files (x86)
# environment
DRIVERDATA = C:\Windows\System32\Drivers\DriverData
# environment
ORIGINAL_XDG_CURRENT_DESKTOP = undefined
# environment
WT_SESSION = abf97573-0b48-4ad3-aebc-c04b4b02bbec
# environment
USERNAME = tyler
# environment
PUBLIC = C:\Users\Public
# environment
VSCODE_AMD_ENTRYPOINT = vs/workbench/api/node/extensionHostProcess
# environment
HOME = C:\Users\tyler
# environment
VSCODE_CLI = 1
# environment
VSCODE_CODE_CACHE_PATH = C:\Users\tyler\AppData\Roaming\Code\CachedData\3b889b090b5ad5793f524b5d1d39fda662b96a2a
# environment
APPLICATION_INSIGHTS_NO_DIAGNOSTIC_CHANNEL = 1
# environment
COMMONPROGRAMFILES = C:\Program Files (x86)\Common Files
# environment
LOGONSERVER = \\-TYEDN_PC-X64
# environment
ONEDRIVECONSUMER = C:\Users\tyler\OneDrive
# environment
VSCODE_HANDLES_UNCAUGHT_ERRORS = true
# environment
USERDOMAIN = -TYEDN_PC-X64
# environment
MAKELEVEL := 0
# default
MAKE = $(MAKE_COMMAND)
# default
MAKECMDGOALS := all
# environment
SHLVL = 2
# default
MAKE_VERSION := 3.82.90
# makefile
.DEFAULT_GOAL := all
# environment
PROGRAMFILES(X86) = C:\Program Files (x86)
# automatic
%D = $(patsubst %/,%,$(patsubst %\,%,$(dir $%)))
# environment
LOCALAPPDATA = C:\Users\tyler\AppData\Local
# environment
PSMODULEPATH = C:\Program Files\WindowsPowerShell\Modules;C:\Windows\system32\WindowsPowerShell\v1.0\Modules
# default
MAKE_COMMAND := make.exe
# environment
PROCESSOR_ARCHITEW6432 = AMD64
# environment
OLDPWD = C:/Users/tyler/projects
# default
.VARIABLES := 
# automatic
*F = $(notdir $*)
# environment
PROCESSOR_IDENTIFIER = AMD64 Family 23 Model 8 Stepping 2, AuthenticAMD
# environment
OS = Windows_NT
# environment
VSCODE_IPC_HOOK = \\.\pipe\fe567eeb2daeba75dfb1710277749e4b-1.69.2-main-sock
# environment
HOMEPATH = \Users\tyler
# environment
COMMONPROGRAMFILES(X86) = C:\Program Files (x86)\Common Files
# environment
PROMPT = $P$G
# environment
MFLAGS = -Rrqp
# automatic
*D = $(patsubst %/,%,$(patsubst %\,%,$(dir $*)))
# environment
SYSTEMROOT = C:\Windows
# automatic
+D = $(patsubst %/,%,$(patsubst %\,%,$(dir $+)))
# automatic
+F = $(notdir $+)
# environment
APPDATA = C:\Users\tyler\AppData\Roaming
# environment
TEMP = C:\Users\tyler\AppData\Local\Temp
# environment
WT_PROFILE_ID = {3b433b11-c393-47ed-9421-bafebb058f6c}
# environment
COMSPEC = C:\Windows\system32\cmd.exe
# makefile (from 'makefile', line 3)
CPLER = g++
# environm 
ent
MSYSTEM = MINGW64
# default
MAKEFILES := 
# automatic
<F = $(notdir $<)
# environment
ELECTRON_NO_ATTACH_CONSOLE = 1
# automatic
^F = $(notdir $^)
# default
SUFFIXES := 
# environment
SYSTEMDRIVE = C:
# environment
PROCESSOR_REVISION = 0802
# default
.INCLUDE_DIRS = C:/MinGW/include
# default
.RECIPEPREFIX := 
# environment
LANG = C
# environment
PROCESSOR_LEVEL = 23
# environment
TERM = xterm-256color
# makefile (from 'makefile', line 1)
DEPENDECIES = src/emu.h src/emu.cpp src/lib/* src/parser/* src/runtime/*
# environment
VSCODE_PID = 7908
# environment
USERDOMAIN_ROAMINGPROFILE = -TYEDN_PC-X64
# variable set hash-table stats:
# Load=103/1024=10%, Rehash=0, Collisions=13/127=10%

# Pattern-specific Variable Values

# No pattern-specific variable values.

# Directories

# C:\Program Files\Git\usr\bin (key C:/Program Files/Git/usr/bin, mtime 1658444653): 308 files, no impossibilities so far.
# . (key c:/Users/tyler/projects/emu, mtime 1658546905): 12 files, no impossibilities.
# src/runtime (key c:/Users/tyler/projects/emu/src/runtime, mtime 1658546268): 3 files, no impossibilities.
# src/lib (key c:/Users/tyler/projects/emu/src/lib, mtime 1658546268): 6 files, no impossibilities.
# C:\Program Files\Git\mingw64\bin (key C:/Program Files/Git/mingw64/bin, mtime 1658444654): 145 files, no impossibilities.
# src/parser (key c:/Users/tyler/projects/emu/src/parser, mtime 1658546268): 7 files, no impossibilities.

# 481 files, no impossibilities in 6 directories.

# Implicit Rules

%.o: %.cpp
#  recipe to execute (from 'makefile', line 6):
	$(CPLER) -c $^

# 1 implicit rules, 0 (0.0%) terminal.

# Files

# Not a target:
src/lib/colors.h:
#  Implicit rule search has been done.
#  Last modified 2022-07-22 20:17:48
#  File has been updated.
#  Successfully updated.

# Not a target:
src/parser/parser.cpp:
#  Implicit rule search has been done.
#  Last modified 2022-07-22 20:17:48
#  File has been updated.
#  Successfully updated.

all: emu
#  Command line target.
#  Implicit rule search has been done.
#  File does not exist.
#  File has been updated.
#  Needs to be updated (-q is set).
# variable set hash-table stats:
# Load=0/32=0%, Rehash=0, Collisions=0/5=0%

# Not a target:
src/parser/ast.h:
#  Implicit rule search has been done.
#  Last modified 2022-07-22 20:17:48
#  File has been updated.
#  Successfully updated.

# Not a target:
src/parser/lexer.h:
#  Implicit rule search has been done.
#  Last modified 2022-07-22 20:17:48
#  File has been updated.
#  Successfully updated.

# Not a target:
.SUFFIXES:
#  Implicit r 
ule search has not been done.
#  Modification time never checked.
#  File has not been updated.

# Not a target:
makefile:
#  Implicit rule search has been done.
#  Last modified 2022-07-22 20:28:23
#  File has been updated.
#  Successfully updated.

emu: src/emu.h src/emu.cpp src/lib/io.cpp src/lib/colors.h src/lib/emu-core.cpp src/lib/emu-core.h src/parser/parser.cpp src/parser/ast.h src/parser/token.h src/parser/parser.h src/parser/lexer.h src/runtime/interpreter.h
#  Implicit rule search has not been done.
#  Implicit/static pattern stem: ''
#  File does not exist.
#  File has been updated.
#  Needs to be updated (-q is set).
# automatic
# @ := emu
# automatic
# % := 
# automatic
# * := 
# automatic
# + := src/emu.h src/emu.cpp src/lib/io.cpp src/lib/colors.h src/lib/emu-core.cpp src/lib/emu-core.h src/parser/parser.cpp src/parser/ast.h src/parser/token.h src/parser/parser.h src/parser/lexer.h src/runtime/interpreter.h
# automatic
# | := 
# automatic
# < := src/emu.h
# automatic
# ^ := src/emu.h src/emu.cpp src/lib/io.cpp src/lib/colors.h src/lib/emu-core.cpp src/lib/emu-core.h src/parser/parser.cpp src/parser/ast.h src/parser/token.h src/parser/parser.h src/parser/lexer.h src/runtime/interpreter.h
# automatic
# ? := src/emu.h src/emu.cpp src/lib/io.cpp src/lib/colors.h src/lib/emu-core.cpp src/lib/emu-core.h src/parser/parser.cpp src/parser/ast.h src/parser/token.h src/parser/parser.h src/parser/lexer.h src/runtime/interpreter.h
# variable set hash-table stats:
# Load=8/32=25%, Rehash=0, Collisions=1/15=7%
#  recipe to execute (from 'makefile', line 9):
	$(CPLER) $(CVERSION) -o $@ $^

# Not a target:
src/parser/token.h:
#  Implicit rule search has been done.
#  Last modified 2022-07-22 20:17:48
#  File has been updated.
#  Successfully updated.

# Not a target:
src/lib/emu-core.h:
#  Implicit rule search has been done.
#  Last modified 2022-07-22 20:19:15
#  File has been updated.
#  Successfully updated.

# Not a target:
.DEFAULT:
#  Implicit rule search has not been done.
#  Modification time never checked.
#  File has not been updated.

# Not a target:
src/lib/emu-core.cpp:
#  Implicit rule search has been done.
#  Last modified 2022-07-22 20:17:48
#  File has been updated.
#  Successfully updated.

# Not a target:
src/runtime/interpreter.h:
#  Implicit rule search has been done.
#  Last modified 2022-07-22 20:17:48
#  File has been updated.
#  Successfully updated.

# Not a target:
src/emu.h:
#  Implicit rule search has been done.
#  Last modified 2022-07-22 20:17:48
#  File has been updated.
#  Successfully updated.

# Not a target:
src/emu.cpp:
#  Implicit rule search has been done.
#  Last modified 2022-07-22 20:17:48
#  File has been updated.
#  Successfully updated.

# Not a target:
src/lib/io.cpp:
#  Implicit rule search has been done.
#  Last modified 2022-07-22 20:17:48
#  File has been updated.
#  Successfully updated.

# Not a target:
src/parser/parser.h:
#  Implicit rule search has been done.
#  Last modified 2022-07-22 20:17:48
#  File has been updated.
#  Successfully updated.

# files hash-tabl 
e stats:
# Load=17/1024=2%, Rehash=0, Collisions=0/43=0%
# VPATH Search Paths

# No 'vpath' search paths.

# No general ('VPATH' variable) search path.

# strcache buffers: 1 (0) / strings = 476 / storage = 6636 B / avg = 13 B
# current buf: size = 8174 B / used = 6636 B / count = 476 / avg = 13 B

# strcache performance: lookups = 513 / hit rate = 7%
# hash-table stats:
# Load=476/8192=6%, Rehash=0, Collisions=31/513=6%
# Finished Make data base on Fri Jul 22 20:28:35 2022

 
